<?xml version="1.0" encoding="UTF-8" ?>
<testsuite tests="21" failures="0" name="com.mycompany.softwareguildweek10_superhero.SuperHeroWorldDaoTest" time="2.621" errors="0" skipped="0">
  <properties>
[...]
</properties>
  <testcase classname="com.mycompany.softwareguildweek10_superhero.SuperHeroWorldDaoTest" name="addGetSuperPower" time="0.938"/>
  <testcase classname="com.mycompany.softwareguildweek10_superhero.SuperHeroWorldDaoTest" name="addGetOrganization" time="0.09"/>
  <testcase classname="com.mycompany.softwareguildweek10_superhero.SuperHeroWorldDaoTest" name="updateLocation" time="0.081"/>
  <testcase classname="com.mycompany.softwareguildweek10_superhero.SuperHeroWorldDaoTest" name="addgetdeleteSighting" time="0.2"/>
  <testcase classname="com.mycompany.softwareguildweek10_superhero.SuperHeroWorldDaoTest" name="deleteLocation" time="0.097"/>
  <testcase classname="com.mycompany.softwareguildweek10_superhero.SuperHeroWorldDaoTest" name="getAllOrganizations" time="0.096"/>
  <testcase classname="com.mycompany.softwareguildweek10_superhero.SuperHeroWorldDaoTest" name="updateOrganization" time="0.051"/>
  <testcase classname="com.mycompany.softwareguildweek10_superhero.SuperHeroWorldDaoTest" name="addGetLocation" time="0.052"/>
  <testcase classname="com.mycompany.softwareguildweek10_superhero.SuperHeroWorldDaoTest" name="deleteSuperHero" time="0.066"/>
  <testcase classname="com.mycompany.softwareguildweek10_superhero.SuperHeroWorldDaoTest" name="findSuperPowersForSuperHero" time="0.056"/>
  <testcase classname="com.mycompany.softwareguildweek10_superhero.SuperHeroWorldDaoTest" name="getSightingsByLocationidAndSightingDate" time="0.073"/>
  <testcase classname="com.mycompany.softwareguildweek10_superhero.SuperHeroWorldDaoTest" name="update_getSightingsBySightingDate" time="0.072"/>
  <testcase classname="com.mycompany.softwareguildweek10_superhero.SuperHeroWorldDaoTest" name="updateSuperHero" time="0.102"/>
  <testcase classname="com.mycompany.softwareguildweek10_superhero.SuperHeroWorldDaoTest" name="getAllSuperHeros" time="0.085"/>
  <testcase classname="com.mycompany.softwareguildweek10_superhero.SuperHeroWorldDaoTest" name="deleteSuperPower" time="0.067"/>
  <testcase classname="com.mycompany.softwareguildweek10_superhero.SuperHeroWorldDaoTest" name="updateSuperPower" time="0.06"/>
  <testcase classname="com.mycompany.softwareguildweek10_superhero.SuperHeroWorldDaoTest" name="getAllLocations" time="0.052"/>
  <testcase classname="com.mycompany.softwareguildweek10_superhero.SuperHeroWorldDaoTest" name="addgetSuperHero" time="0.063"/>
  <testcase classname="com.mycompany.softwareguildweek10_superhero.SuperHeroWorldDaoTest" name="findOrganizationsForSuperHero" time="0.104"/>
  <testcase classname="com.mycompany.softwareguildweek10_superhero.SuperHeroWorldDaoTest" name="getSuperHerosBySuperPoweridByOrganizationid" time="0.063"/>
  <testcase classname="com.mycompany.softwareguildweek10_superhero.SuperHeroWorldDaoTest" name="getALLSuperPowers" time="0.07"/>
</testsuite>